<?xml version="1.0" encoding="UTF-8"?>
<!-- Generated by org.testng.reporters.JUnitXMLReporter -->
<testsuite hostname="LAPTOP-4JRKOLU9" name="Default test" tests="2" failures="2" timestamp="25 Jun 2020 17:15:48 GMT" time="6.641" errors="0">
  <testcase name="feature" time="4.017" classname="runner.RunCuke">
    <failure type="cucumber.runtime.CucumberException" message="org.openqa.selenium.SessionNotCreatedException: session not created: This version of ChromeDriver only supports Chrome version 80
Build info: version: &amp;apos;3.8.1&amp;apos;, revision: &amp;apos;6e95a6684b&amp;apos;, time: &amp;apos;2017-12-01T18:33:54.468Z&amp;apos;
System info: host: &amp;apos;LAPTOP-4JRKOLU9&amp;apos;, ip: &amp;apos;192.168.0.118&amp;apos;, os.name: &amp;apos;Windows 10&amp;apos;, os.arch: &amp;apos;amd64&amp;apos;, os.version: &amp;apos;10.0&amp;apos;, java.version: &amp;apos;1.8.0_121&amp;apos;
Driver info: driver.version: SeleniumDriver
remote stacktrace: Backtrace:
	Ordinal0 [0x00D30C83+1707139]
	Ordinal0 [0x00C968F1+1075441]
	Ordinal0 [0x00C0DFC9+516041]
	Ordinal0 [0x00BA0554+66900]
	Ordinal0 [0x00B9CCE2+52450]
	Ordinal0 [0x00BBBFD7+180183]
	Ordinal0 [0x00BBBDDD+179677]
	Ordinal0 [0x00BB9D4B+171339]
	Ordinal0 [0x00BA1D4A+73034]
	Ordinal0 [0x00BA2DC0+77248]
	Ordinal0 [0x00BA2D59+77145]
	Ordinal0 [0x00CABB67+1162087]
	GetHandleVerifier [0x00DCA966+508998]
	GetHandleVerifier [0x00DCA6A4+508292]
	GetHandleVerifier [0x00DDF7B7+594583]
	GetHandleVerifier [0x00DCB1D6+511158]
	Ordinal0 [0x00CA402C+1130540]
	Ordinal0 [0x00CAD4CB+1168587]
	Ordinal0 [0x00CAD633+1168947]
	Ordinal0 [0x00CC5B35+1268533]
	BaseThreadInitThunk [0x76E76359+25]
	RtlGetAppContainerNamedObjectPath [0x76FB7C24+228]
	RtlGetAppContainerNamedObjectPath [0x76FB7BF4+180]
">
      <![CDATA[cucumber.runtime.CucumberException: org.openqa.selenium.SessionNotCreatedException: session not created: This version of ChromeDriver only supports Chrome version 80
Build info: version: '3.8.1', revision: '6e95a6684b', time: '2017-12-01T18:33:54.468Z'
System info: host: 'LAPTOP-4JRKOLU9', ip: '192.168.0.118', os.name: 'Windows 10', os.arch: 'amd64', os.version: '10.0', java.version: '1.8.0_121'
Driver info: driver.version: SeleniumDriver
remote stacktrace: Backtrace:
	Ordinal0 [0x00D30C83+1707139]
	Ordinal0 [0x00C968F1+1075441]
	Ordinal0 [0x00C0DFC9+516041]
	Ordinal0 [0x00BA0554+66900]
	Ordinal0 [0x00B9CCE2+52450]
	Ordinal0 [0x00BBBFD7+180183]
	Ordinal0 [0x00BBBDDD+179677]
	Ordinal0 [0x00BB9D4B+171339]
	Ordinal0 [0x00BA1D4A+73034]
	Ordinal0 [0x00BA2DC0+77248]
	Ordinal0 [0x00BA2D59+77145]
	Ordinal0 [0x00CABB67+1162087]
	GetHandleVerifier [0x00DCA966+508998]
	GetHandleVerifier [0x00DCA6A4+508292]
	GetHandleVerifier [0x00DDF7B7+594583]
	GetHandleVerifier [0x00DCB1D6+511158]
	Ordinal0 [0x00CA402C+1130540]
	Ordinal0 [0x00CAD4CB+1168587]
	Ordinal0 [0x00CAD633+1168947]
	Ordinal0 [0x00CC5B35+1268533]
	BaseThreadInitThunk [0x76E76359+25]
	RtlGetAppContainerNamedObjectPath [0x76FB7C24+228]
	RtlGetAppContainerNamedObjectPath [0x76FB7BF4+180]

	at cucumber.api.testng.TestNGCucumberRunner.runCucumber(TestNGCucumberRunner.java:69)
	at cucumber.api.testng.AbstractTestNGCucumberTests.feature(AbstractTestNGCucumberTests.java:21)
	at sun.reflect.NativeMethodAccessorImpl.invoke0(Native Method)
	at sun.reflect.NativeMethodAccessorImpl.invoke(NativeMethodAccessorImpl.java:62)
	at sun.reflect.DelegatingMethodAccessorImpl.invoke(DelegatingMethodAccessorImpl.java:43)
	at java.lang.reflect.Method.invoke(Method.java:498)
	at org.testng.internal.MethodInvocationHelper.invokeMethod(MethodInvocationHelper.java:86)
	at org.testng.internal.Invoker.invokeMethod(Invoker.java:643)
	at org.testng.internal.Invoker.invokeTestMethod(Invoker.java:820)
	at org.testng.internal.Invoker.invokeTestMethods(Invoker.java:1128)
	at org.testng.internal.TestMethodWorker.invokeTestMethods(TestMethodWorker.java:129)
	at org.testng.internal.TestMethodWorker.run(TestMethodWorker.java:112)
	at org.testng.TestRunner.privateRun(TestRunner.java:782)
	at org.testng.TestRunner.run(TestRunner.java:632)
	at org.testng.SuiteRunner.runTest(SuiteRunner.java:366)
	at org.testng.SuiteRunner.runSequentially(SuiteRunner.java:361)
	at org.testng.SuiteRunner.privateRun(SuiteRunner.java:319)
	at org.testng.SuiteRunner.run(SuiteRunner.java:268)
	at org.testng.SuiteRunnerWorker.runSuite(SuiteRunnerWorker.java:52)
	at org.testng.SuiteRunnerWorker.run(SuiteRunnerWorker.java:86)
	at org.testng.TestNG.runSuitesSequentially(TestNG.java:1244)
	at org.testng.TestNG.runSuitesLocally(TestNG.java:1169)
	at org.testng.TestNG.run(TestNG.java:1064)
	at org.testng.remote.AbstractRemoteTestNG.run(AbstractRemoteTestNG.java:115)
	at org.testng.remote.RemoteTestNG.initAndRun(RemoteTestNG.java:251)
	at org.testng.remote.RemoteTestNG.main(RemoteTestNG.java:77)
Caused by: org.openqa.selenium.SessionNotCreatedException: session not created: This version of ChromeDriver only supports Chrome version 80
Build info: version: '3.8.1', revision: '6e95a6684b', time: '2017-12-01T18:33:54.468Z'
System info: host: 'LAPTOP-4JRKOLU9', ip: '192.168.0.118', os.name: 'Windows 10', os.arch: 'amd64', os.version: '10.0', java.version: '1.8.0_121'
Driver info: driver.version: SeleniumDriver
remote stacktrace: Backtrace:
	Ordinal0 [0x00D30C83+1707139]
	Ordinal0 [0x00C968F1+1075441]
	Ordinal0 [0x00C0DFC9+516041]
	Ordinal0 [0x00BA0554+66900]
	Ordinal0 [0x00B9CCE2+52450]
	Ordinal0 [0x00BBBFD7+180183]
	Ordinal0 [0x00BBBDDD+179677]
	Ordinal0 [0x00BB9D4B+171339]
	Ordinal0 [0x00BA1D4A+73034]
	Ordinal0 [0x00BA2DC0+77248]
	Ordinal0 [0x00BA2D59+77145]
	Ordinal0 [0x00CABB67+1162087]
	GetHandleVerifier [0x00DCA966+508998]
	GetHandleVerifier [0x00DCA6A4+508292]
	GetHandleVerifier [0x00DDF7B7+594583]
	GetHandleVerifier [0x00DCB1D6+511158]
	Ordinal0 [0x00CA402C+1130540]
	Ordinal0 [0x00CAD4CB+1168587]
	Ordinal0 [0x00CAD633+1168947]
	Ordinal0 [0x00CC5B35+1268533]
	BaseThreadInitThunk [0x76E76359+25]
	RtlGetAppContainerNamedObjectPath [0x76FB7C24+228]
	RtlGetAppContainerNamedObjectPath [0x76FB7BF4+180]

	at sun.reflect.NativeConstructorAccessorImpl.newInstance0(Native Method)
	at sun.reflect.NativeConstructorAccessorImpl.newInstance(NativeConstructorAccessorImpl.java:62)
	at sun.reflect.DelegatingConstructorAccessorImpl.newInstance(DelegatingConstructorAccessorImpl.java:45)
	at java.lang.reflect.Constructor.newInstance(Constructor.java:423)
	at org.openqa.selenium.remote.W3CHandshakeResponse.lambda$new$0(W3CHandshakeResponse.java:57)
	at org.openqa.selenium.remote.W3CHandshakeResponse.lambda$getResponseFunction$2(W3CHandshakeResponse.java:104)
	at org.openqa.selenium.remote.ProtocolHandshake.lambda$createSession$0(ProtocolHandshake.java:123)
	at java.util.stream.ReferencePipeline$3$1.accept(ReferencePipeline.java:193)
	at java.util.Spliterators$ArraySpliterator.tryAdvance(Spliterators.java:958)
	at java.util.stream.ReferencePipeline.forEachWithCancel(ReferencePipeline.java:126)
	at java.util.stream.AbstractPipeline.copyIntoWithCancel(AbstractPipeline.java:498)
	at java.util.stream.AbstractPipeline.copyInto(AbstractPipeline.java:485)
	at java.util.stream.AbstractPipeline.wrapAndCopyInto(AbstractPipeline.java:471)
	at java.util.stream.FindOps$FindOp.evaluateSequential(FindOps.java:152)
	at java.util.stream.AbstractPipeline.evaluate(AbstractPipeline.java:234)
	at java.util.stream.ReferencePipeline.findFirst(ReferencePipeline.java:464)
	at org.openqa.selenium.remote.ProtocolHandshake.createSession(ProtocolHandshake.java:126)
	at org.openqa.selenium.remote.ProtocolHandshake.createSession(ProtocolHandshake.java:73)
	at org.openqa.selenium.remote.HttpCommandExecutor.execute(HttpCommandExecutor.java:142)
	at org.openqa.selenium.remote.service.DriverCommandExecutor.execute(DriverCommandExecutor.java:83)
	at org.openqa.selenium.remote.RemoteWebDriver.execute(RemoteWebDriver.java:601)
	at org.openqa.selenium.remote.RemoteWebDriver.startSession(RemoteWebDriver.java:219)
	at org.openqa.selenium.remote.RemoteWebDriver.<init>(RemoteWebDriver.java:142)
	at org.openqa.selenium.chrome.ChromeDriver.<init>(ChromeDriver.java:181)
	at org.openqa.selenium.chrome.ChromeDriver.<init>(ChromeDriver.java:168)
	at org.openqa.selenium.chrome.ChromeDriver.<init>(ChromeDriver.java:123)
	at utils.SeleniumDriver.<init>(SeleniumDriver.java:27)
	at utils.SeleniumDriver.setUpDriver(SeleniumDriver.java:47)
	at stepdefs.BeforeActions.setUp(BeforeActions.java:11)
	at sun.reflect.NativeMethodAccessorImpl.invoke0(Native Method)
	at sun.reflect.NativeMethodAccessorImpl.invoke(NativeMethodAccessorImpl.java:62)
	at sun.reflect.DelegatingMethodAccessorImpl.invoke(DelegatingMethodAccessorImpl.java:43)
	at java.lang.reflect.Method.invoke(Method.java:498)
	at cucumber.runtime.Utils$1.call(Utils.java:37)
	at cucumber.runtime.Timeout.timeout(Timeout.java:13)
	at cucumber.runtime.Utils.invoke(Utils.java:31)
	at cucumber.runtime.java.JavaHookDefinition.execute(JavaHookDefinition.java:60)
	at cucumber.runtime.Runtime.runHookIfTagsMatch(Runtime.java:223)
	at cucumber.runtime.Runtime.runHooks(Runtime.java:211)
	at cucumber.runtime.Runtime.runBeforeHooks(Runtime.java:201)
	at cucumber.runtime.model.CucumberScenario.run(CucumberScenario.java:40)
	at cucumber.runtime.model.CucumberFeature.run(CucumberFeature.java:165)
	at cucumber.api.testng.TestNGCucumberRunner.runCucumber(TestNGCucumberRunner.java:63)
	... 25 more
]]>
    </failure>
  </testcase> <!-- feature -->
  <testcase name="feature" time="1.546" classname="runner.RunCuke">
    <failure type="cucumber.runtime.CucumberException" message="org.openqa.selenium.SessionNotCreatedException: session not created: This version of ChromeDriver only supports Chrome version 80
Build info: version: &amp;apos;3.8.1&amp;apos;, revision: &amp;apos;6e95a6684b&amp;apos;, time: &amp;apos;2017-12-01T18:33:54.468Z&amp;apos;
System info: host: &amp;apos;LAPTOP-4JRKOLU9&amp;apos;, ip: &amp;apos;192.168.0.118&amp;apos;, os.name: &amp;apos;Windows 10&amp;apos;, os.arch: &amp;apos;amd64&amp;apos;, os.version: &amp;apos;10.0&amp;apos;, java.version: &amp;apos;1.8.0_121&amp;apos;
Driver info: driver.version: SeleniumDriver
remote stacktrace: Backtrace:
	Ordinal0 [0x00D30C83+1707139]
	Ordinal0 [0x00C968F1+1075441]
	Ordinal0 [0x00C0DFC9+516041]
	Ordinal0 [0x00BA0554+66900]
	Ordinal0 [0x00B9CCE2+52450]
	Ordinal0 [0x00BBBFD7+180183]
	Ordinal0 [0x00BBBDDD+179677]
	Ordinal0 [0x00BB9D4B+171339]
	Ordinal0 [0x00BA1D4A+73034]
	Ordinal0 [0x00BA2DC0+77248]
	Ordinal0 [0x00BA2D59+77145]
	Ordinal0 [0x00CABB67+1162087]
	GetHandleVerifier [0x00DCA966+508998]
	GetHandleVerifier [0x00DCA6A4+508292]
	GetHandleVerifier [0x00DDF7B7+594583]
	GetHandleVerifier [0x00DCB1D6+511158]
	Ordinal0 [0x00CA402C+1130540]
	Ordinal0 [0x00CAD4CB+1168587]
	Ordinal0 [0x00CAD633+1168947]
	Ordinal0 [0x00CC5B35+1268533]
	BaseThreadInitThunk [0x76E76359+25]
	RtlGetAppContainerNamedObjectPath [0x76FB7C24+228]
	RtlGetAppContainerNamedObjectPath [0x76FB7BF4+180]
">
      <![CDATA[cucumber.runtime.CucumberException: org.openqa.selenium.SessionNotCreatedException: session not created: This version of ChromeDriver only supports Chrome version 80
Build info: version: '3.8.1', revision: '6e95a6684b', time: '2017-12-01T18:33:54.468Z'
System info: host: 'LAPTOP-4JRKOLU9', ip: '192.168.0.118', os.name: 'Windows 10', os.arch: 'amd64', os.version: '10.0', java.version: '1.8.0_121'
Driver info: driver.version: SeleniumDriver
remote stacktrace: Backtrace:
	Ordinal0 [0x00D30C83+1707139]
	Ordinal0 [0x00C968F1+1075441]
	Ordinal0 [0x00C0DFC9+516041]
	Ordinal0 [0x00BA0554+66900]
	Ordinal0 [0x00B9CCE2+52450]
	Ordinal0 [0x00BBBFD7+180183]
	Ordinal0 [0x00BBBDDD+179677]
	Ordinal0 [0x00BB9D4B+171339]
	Ordinal0 [0x00BA1D4A+73034]
	Ordinal0 [0x00BA2DC0+77248]
	Ordinal0 [0x00BA2D59+77145]
	Ordinal0 [0x00CABB67+1162087]
	GetHandleVerifier [0x00DCA966+508998]
	GetHandleVerifier [0x00DCA6A4+508292]
	GetHandleVerifier [0x00DDF7B7+594583]
	GetHandleVerifier [0x00DCB1D6+511158]
	Ordinal0 [0x00CA402C+1130540]
	Ordinal0 [0x00CAD4CB+1168587]
	Ordinal0 [0x00CAD633+1168947]
	Ordinal0 [0x00CC5B35+1268533]
	BaseThreadInitThunk [0x76E76359+25]
	RtlGetAppContainerNamedObjectPath [0x76FB7C24+228]
	RtlGetAppContainerNamedObjectPath [0x76FB7BF4+180]

	at cucumber.api.testng.TestNGCucumberRunner.runCucumber(TestNGCucumberRunner.java:69)
	at cucumber.api.testng.AbstractTestNGCucumberTests.feature(AbstractTestNGCucumberTests.java:21)
	at sun.reflect.NativeMethodAccessorImpl.invoke0(Native Method)
	at sun.reflect.NativeMethodAccessorImpl.invoke(NativeMethodAccessorImpl.java:62)
	at sun.reflect.DelegatingMethodAccessorImpl.invoke(DelegatingMethodAccessorImpl.java:43)
	at java.lang.reflect.Method.invoke(Method.java:498)
	at org.testng.internal.MethodInvocationHelper.invokeMethod(MethodInvocationHelper.java:86)
	at org.testng.internal.Invoker.invokeMethod(Invoker.java:643)
	at org.testng.internal.Invoker.invokeTestMethod(Invoker.java:820)
	at org.testng.internal.Invoker.invokeTestMethods(Invoker.java:1128)
	at org.testng.internal.TestMethodWorker.invokeTestMethods(TestMethodWorker.java:129)
	at org.testng.internal.TestMethodWorker.run(TestMethodWorker.java:112)
	at org.testng.TestRunner.privateRun(TestRunner.java:782)
	at org.testng.TestRunner.run(TestRunner.java:632)
	at org.testng.SuiteRunner.runTest(SuiteRunner.java:366)
	at org.testng.SuiteRunner.runSequentially(SuiteRunner.java:361)
	at org.testng.SuiteRunner.privateRun(SuiteRunner.java:319)
	at org.testng.SuiteRunner.run(SuiteRunner.java:268)
	at org.testng.SuiteRunnerWorker.runSuite(SuiteRunnerWorker.java:52)
	at org.testng.SuiteRunnerWorker.run(SuiteRunnerWorker.java:86)
	at org.testng.TestNG.runSuitesSequentially(TestNG.java:1244)
	at org.testng.TestNG.runSuitesLocally(TestNG.java:1169)
	at org.testng.TestNG.run(TestNG.java:1064)
	at org.testng.remote.AbstractRemoteTestNG.run(AbstractRemoteTestNG.java:115)
	at org.testng.remote.RemoteTestNG.initAndRun(RemoteTestNG.java:251)
	at org.testng.remote.RemoteTestNG.main(RemoteTestNG.java:77)
Caused by: org.openqa.selenium.SessionNotCreatedException: session not created: This version of ChromeDriver only supports Chrome version 80
Build info: version: '3.8.1', revision: '6e95a6684b', time: '2017-12-01T18:33:54.468Z'
System info: host: 'LAPTOP-4JRKOLU9', ip: '192.168.0.118', os.name: 'Windows 10', os.arch: 'amd64', os.version: '10.0', java.version: '1.8.0_121'
Driver info: driver.version: SeleniumDriver
remote stacktrace: Backtrace:
	Ordinal0 [0x00D30C83+1707139]
	Ordinal0 [0x00C968F1+1075441]
	Ordinal0 [0x00C0DFC9+516041]
	Ordinal0 [0x00BA0554+66900]
	Ordinal0 [0x00B9CCE2+52450]
	Ordinal0 [0x00BBBFD7+180183]
	Ordinal0 [0x00BBBDDD+179677]
	Ordinal0 [0x00BB9D4B+171339]
	Ordinal0 [0x00BA1D4A+73034]
	Ordinal0 [0x00BA2DC0+77248]
	Ordinal0 [0x00BA2D59+77145]
	Ordinal0 [0x00CABB67+1162087]
	GetHandleVerifier [0x00DCA966+508998]
	GetHandleVerifier [0x00DCA6A4+508292]
	GetHandleVerifier [0x00DDF7B7+594583]
	GetHandleVerifier [0x00DCB1D6+511158]
	Ordinal0 [0x00CA402C+1130540]
	Ordinal0 [0x00CAD4CB+1168587]
	Ordinal0 [0x00CAD633+1168947]
	Ordinal0 [0x00CC5B35+1268533]
	BaseThreadInitThunk [0x76E76359+25]
	RtlGetAppContainerNamedObjectPath [0x76FB7C24+228]
	RtlGetAppContainerNamedObjectPath [0x76FB7BF4+180]

	at sun.reflect.NativeConstructorAccessorImpl.newInstance0(Native Method)
	at sun.reflect.NativeConstructorAccessorImpl.newInstance(NativeConstructorAccessorImpl.java:62)
	at sun.reflect.DelegatingConstructorAccessorImpl.newInstance(DelegatingConstructorAccessorImpl.java:45)
	at java.lang.reflect.Constructor.newInstance(Constructor.java:423)
	at org.openqa.selenium.remote.W3CHandshakeResponse.lambda$new$0(W3CHandshakeResponse.java:57)
	at org.openqa.selenium.remote.W3CHandshakeResponse.lambda$getResponseFunction$2(W3CHandshakeResponse.java:104)
	at org.openqa.selenium.remote.ProtocolHandshake.lambda$createSession$0(ProtocolHandshake.java:123)
	at java.util.stream.ReferencePipeline$3$1.accept(ReferencePipeline.java:193)
	at java.util.Spliterators$ArraySpliterator.tryAdvance(Spliterators.java:958)
	at java.util.stream.ReferencePipeline.forEachWithCancel(ReferencePipeline.java:126)
	at java.util.stream.AbstractPipeline.copyIntoWithCancel(AbstractPipeline.java:498)
	at java.util.stream.AbstractPipeline.copyInto(AbstractPipeline.java:485)
	at java.util.stream.AbstractPipeline.wrapAndCopyInto(AbstractPipeline.java:471)
	at java.util.stream.FindOps$FindOp.evaluateSequential(FindOps.java:152)
	at java.util.stream.AbstractPipeline.evaluate(AbstractPipeline.java:234)
	at java.util.stream.ReferencePipeline.findFirst(ReferencePipeline.java:464)
	at org.openqa.selenium.remote.ProtocolHandshake.createSession(ProtocolHandshake.java:126)
	at org.openqa.selenium.remote.ProtocolHandshake.createSession(ProtocolHandshake.java:73)
	at org.openqa.selenium.remote.HttpCommandExecutor.execute(HttpCommandExecutor.java:142)
	at org.openqa.selenium.remote.service.DriverCommandExecutor.execute(DriverCommandExecutor.java:83)
	at org.openqa.selenium.remote.RemoteWebDriver.execute(RemoteWebDriver.java:601)
	at org.openqa.selenium.remote.RemoteWebDriver.startSession(RemoteWebDriver.java:219)
	at org.openqa.selenium.remote.RemoteWebDriver.<init>(RemoteWebDriver.java:142)
	at org.openqa.selenium.chrome.ChromeDriver.<init>(ChromeDriver.java:181)
	at org.openqa.selenium.chrome.ChromeDriver.<init>(ChromeDriver.java:168)
	at org.openqa.selenium.chrome.ChromeDriver.<init>(ChromeDriver.java:123)
	at utils.SeleniumDriver.<init>(SeleniumDriver.java:27)
	at utils.SeleniumDriver.setUpDriver(SeleniumDriver.java:47)
	at stepdefs.BeforeActions.setUp(BeforeActions.java:11)
	at sun.reflect.NativeMethodAccessorImpl.invoke0(Native Method)
	at sun.reflect.NativeMethodAccessorImpl.invoke(NativeMethodAccessorImpl.java:62)
	at sun.reflect.DelegatingMethodAccessorImpl.invoke(DelegatingMethodAccessorImpl.java:43)
	at java.lang.reflect.Method.invoke(Method.java:498)
	at cucumber.runtime.Utils$1.call(Utils.java:37)
	at cucumber.runtime.Timeout.timeout(Timeout.java:13)
	at cucumber.runtime.Utils.invoke(Utils.java:31)
	at cucumber.runtime.java.JavaHookDefinition.execute(JavaHookDefinition.java:60)
	at cucumber.runtime.Runtime.runHookIfTagsMatch(Runtime.java:223)
	at cucumber.runtime.Runtime.runHooks(Runtime.java:211)
	at cucumber.runtime.Runtime.runBeforeHooks(Runtime.java:201)
	at cucumber.runtime.model.CucumberScenario.run(CucumberScenario.java:40)
	at cucumber.runtime.model.CucumberFeature.run(CucumberFeature.java:165)
	at cucumber.api.testng.TestNGCucumberRunner.runCucumber(TestNGCucumberRunner.java:63)
	... 25 more
]]>
    </failure>
  </testcase> <!-- feature -->
</testsuite> <!-- Default test -->
