<?xml version="1.0" encoding="UTF-8"?>
<testng-results skipped="0" failed="2" total="2" passed="0">
  <reporter-output>
  </reporter-output>
  <suite name="Suite" duration-ms="4844" started-at="2020-07-20T21:29:26Z" finished-at="2020-07-20T21:29:30Z">
    <groups>
      <group name="cucumber">
        <method signature="AbstractTestNGCucumberTests.feature(cucumber.api.testng.CucumberFeatureWrapper)[pri:0, instance:runner.RunCuke@453da22c]" name="feature" class="cucumber.api.testng.AbstractTestNGCucumberTests"/>
      </group> <!-- cucumber -->
    </groups>
    <test name="Test" duration-ms="4844" started-at="2020-07-20T21:29:26Z" finished-at="2020-07-20T21:29:30Z">
      <class name="runner.RunCuke">
        <test-method status="PASS" signature="setUpClass()[pri:0, instance:runner.RunCuke@453da22c]" name="setUpClass" is-config="true" duration-ms="255" started-at="2020-07-20T15:29:26Z" finished-at="2020-07-20T15:29:26Z">
          <reporter-output>
          </reporter-output>
        </test-method> <!-- setUpClass -->
        <test-method status="PASS" signature="setUp()[pri:0, instance:runner.RunCuke@453da22c]" name="setUp" is-config="true" duration-ms="250" started-at="2020-07-20T15:29:26Z" finished-at="2020-07-20T15:29:26Z">
          <reporter-output>
          </reporter-output>
        </test-method> <!-- setUp -->
        <test-method status="FAIL" signature="feature(cucumber.api.testng.CucumberFeatureWrapper)[pri:0, instance:runner.RunCuke@453da22c]" name="feature" duration-ms="2644" started-at="2020-07-20T15:29:26Z" description="Runs Cucumber Feature" data-provider="features" finished-at="2020-07-20T15:29:29Z">
          <params>
            <param index="0">
              <value>
                <![CDATA[Acceptance testing to validate Search cars page is working fine.]]>
              </value>
            </param>
          </params>
          <exception class="cucumber.runtime.CucumberException">
            <message>
              <![CDATA[org.openqa.selenium.SessionNotCreatedException: session not created: This version of ChromeDriver only supports Chrome version 80
Build info: version: '3.8.1', revision: '6e95a6684b', time: '2017-12-01T18:33:54.468Z'
System info: host: 'LAPTOP-4JRKOLU9', ip: '192.168.0.103', os.name: 'Windows 10', os.arch: 'amd64', os.version: '10.0', java.version: '1.8.0_121'
Driver info: driver.version: SeleniumDriver
remote stacktrace: Backtrace:
	Ordinal0 [0x00450C83+1707139]
	Ordinal0 [0x003B68F1+1075441]
	Ordinal0 [0x0032DFC9+516041]
	Ordinal0 [0x002C0554+66900]
	Ordinal0 [0x002BCCE2+52450]
	Ordinal0 [0x002DBFD7+180183]
	Ordinal0 [0x002DBDDD+179677]
	Ordinal0 [0x002D9D4B+171339]
	Ordinal0 [0x002C1D4A+73034]
	Ordinal0 [0x002C2DC0+77248]
	Ordinal0 [0x002C2D59+77145]
	Ordinal0 [0x003CBB67+1162087]
	GetHandleVerifier [0x004EA966+508998]
	GetHandleVerifier [0x004EA6A4+508292]
	GetHandleVerifier [0x004FF7B7+594583]
	GetHandleVerifier [0x004EB1D6+511158]
	Ordinal0 [0x003C402C+1130540]
	Ordinal0 [0x003CD4CB+1168587]
	Ordinal0 [0x003CD633+1168947]
	Ordinal0 [0x003E5B35+1268533]
	BaseThreadInitThunk [0x77356359+25]
	RtlGetAppContainerNamedObjectPath [0x77AC7C24+228]
	RtlGetAppContainerNamedObjectPath [0x77AC7BF4+180]
]]>
            </message>
            <full-stacktrace>
              <![CDATA[cucumber.runtime.CucumberException: org.openqa.selenium.SessionNotCreatedException: session not created: This version of ChromeDriver only supports Chrome version 80
Build info: version: '3.8.1', revision: '6e95a6684b', time: '2017-12-01T18:33:54.468Z'
System info: host: 'LAPTOP-4JRKOLU9', ip: '192.168.0.103', os.name: 'Windows 10', os.arch: 'amd64', os.version: '10.0', java.version: '1.8.0_121'
Driver info: driver.version: SeleniumDriver
remote stacktrace: Backtrace:
	Ordinal0 [0x00450C83+1707139]
	Ordinal0 [0x003B68F1+1075441]
	Ordinal0 [0x0032DFC9+516041]
	Ordinal0 [0x002C0554+66900]
	Ordinal0 [0x002BCCE2+52450]
	Ordinal0 [0x002DBFD7+180183]
	Ordinal0 [0x002DBDDD+179677]
	Ordinal0 [0x002D9D4B+171339]
	Ordinal0 [0x002C1D4A+73034]
	Ordinal0 [0x002C2DC0+77248]
	Ordinal0 [0x002C2D59+77145]
	Ordinal0 [0x003CBB67+1162087]
	GetHandleVerifier [0x004EA966+508998]
	GetHandleVerifier [0x004EA6A4+508292]
	GetHandleVerifier [0x004FF7B7+594583]
	GetHandleVerifier [0x004EB1D6+511158]
	Ordinal0 [0x003C402C+1130540]
	Ordinal0 [0x003CD4CB+1168587]
	Ordinal0 [0x003CD633+1168947]
	Ordinal0 [0x003E5B35+1268533]
	BaseThreadInitThunk [0x77356359+25]
	RtlGetAppContainerNamedObjectPath [0x77AC7C24+228]
	RtlGetAppContainerNamedObjectPath [0x77AC7BF4+180]

	at cucumber.api.testng.TestNGCucumberRunner.runCucumber(TestNGCucumberRunner.java:69)
	at cucumber.api.testng.AbstractTestNGCucumberTests.feature(AbstractTestNGCucumberTests.java:21)
	at sun.reflect.NativeMethodAccessorImpl.invoke0(Native Method)
	at sun.reflect.NativeMethodAccessorImpl.invoke(NativeMethodAccessorImpl.java:62)
	at sun.reflect.DelegatingMethodAccessorImpl.invoke(DelegatingMethodAccessorImpl.java:43)
	at java.lang.reflect.Method.invoke(Method.java:498)
	at org.testng.internal.MethodInvocationHelper.invokeMethod(MethodInvocationHelper.java:86)
	at org.testng.internal.Invoker.invokeMethod(Invoker.java:643)
	at org.testng.internal.Invoker.invokeTestMethod(Invoker.java:820)
	at org.testng.internal.Invoker.invokeTestMethods(Invoker.java:1128)
	at org.testng.internal.TestMethodWorker.invokeTestMethods(TestMethodWorker.java:129)
	at org.testng.internal.TestMethodWorker.run(TestMethodWorker.java:112)
	at org.testng.TestRunner.privateRun(TestRunner.java:782)
	at org.testng.TestRunner.run(TestRunner.java:632)
	at org.testng.SuiteRunner.runTest(SuiteRunner.java:366)
	at org.testng.SuiteRunner.runSequentially(SuiteRunner.java:361)
	at org.testng.SuiteRunner.privateRun(SuiteRunner.java:319)
	at org.testng.SuiteRunner.run(SuiteRunner.java:268)
	at org.testng.SuiteRunnerWorker.runSuite(SuiteRunnerWorker.java:52)
	at org.testng.SuiteRunnerWorker.run(SuiteRunnerWorker.java:86)
	at org.testng.TestNG.runSuitesSequentially(TestNG.java:1244)
	at org.testng.TestNG.runSuitesLocally(TestNG.java:1169)
	at org.testng.TestNG.run(TestNG.java:1064)
	at org.apache.maven.surefire.testng.TestNGExecutor.run(TestNGExecutor.java:295)
	at org.apache.maven.surefire.testng.TestNGXmlTestSuite.execute(TestNGXmlTestSuite.java:84)
	at org.apache.maven.surefire.testng.TestNGProvider.invoke(TestNGProvider.java:90)
	at org.apache.maven.surefire.booter.ForkedBooter.invokeProviderInSameClassLoader(ForkedBooter.java:203)
	at org.apache.maven.surefire.booter.ForkedBooter.runSuitesInProcess(ForkedBooter.java:155)
	at org.apache.maven.surefire.booter.ForkedBooter.main(ForkedBooter.java:103)
Caused by: org.openqa.selenium.SessionNotCreatedException: session not created: This version of ChromeDriver only supports Chrome version 80
Build info: version: '3.8.1', revision: '6e95a6684b', time: '2017-12-01T18:33:54.468Z'
System info: host: 'LAPTOP-4JRKOLU9', ip: '192.168.0.103', os.name: 'Windows 10', os.arch: 'amd64', os.version: '10.0', java.version: '1.8.0_121'
Driver info: driver.version: SeleniumDriver
remote stacktrace: Backtrace:
	Ordinal0 [0x00450C83+1707139]
	Ordinal0 [0x003B68F1+1075441]
	Ordinal0 [0x0032DFC9+516041]
	Ordinal0 [0x002C0554+66900]
	Ordinal0 [0x002BCCE2+52450]
	Ordinal0 [0x002DBFD7+180183]
	Ordinal0 [0x002DBDDD+179677]
	Ordinal0 [0x002D9D4B+171339]
	Ordinal0 [0x002C1D4A+73034]
	Ordinal0 [0x002C2DC0+77248]
	Ordinal0 [0x002C2D59+77145]
	Ordinal0 [0x003CBB67+1162087]
	GetHandleVerifier [0x004EA966+508998]
	GetHandleVerifier [0x004EA6A4+508292]
	GetHandleVerifier [0x004FF7B7+594583]
	GetHandleVerifier [0x004EB1D6+511158]
	Ordinal0 [0x003C402C+1130540]
	Ordinal0 [0x003CD4CB+1168587]
	Ordinal0 [0x003CD633+1168947]
	Ordinal0 [0x003E5B35+1268533]
	BaseThreadInitThunk [0x77356359+25]
	RtlGetAppContainerNamedObjectPath [0x77AC7C24+228]
	RtlGetAppContainerNamedObjectPath [0x77AC7BF4+180]

	at sun.reflect.NativeConstructorAccessorImpl.newInstance0(Native Method)
	at sun.reflect.NativeConstructorAccessorImpl.newInstance(NativeConstructorAccessorImpl.java:62)
	at sun.reflect.DelegatingConstructorAccessorImpl.newInstance(DelegatingConstructorAccessorImpl.java:45)
	at java.lang.reflect.Constructor.newInstance(Constructor.java:423)
	at org.openqa.selenium.remote.W3CHandshakeResponse.lambda$new$0(W3CHandshakeResponse.java:57)
	at org.openqa.selenium.remote.W3CHandshakeResponse.lambda$getResponseFunction$2(W3CHandshakeResponse.java:104)
	at org.openqa.selenium.remote.ProtocolHandshake.lambda$createSession$0(ProtocolHandshake.java:123)
	at java.util.stream.ReferencePipeline$3$1.accept(ReferencePipeline.java:193)
	at java.util.Spliterators$ArraySpliterator.tryAdvance(Spliterators.java:958)
	at java.util.stream.ReferencePipeline.forEachWithCancel(ReferencePipeline.java:126)
	at java.util.stream.AbstractPipeline.copyIntoWithCancel(AbstractPipeline.java:498)
	at java.util.stream.AbstractPipeline.copyInto(AbstractPipeline.java:485)
	at java.util.stream.AbstractPipeline.wrapAndCopyInto(AbstractPipeline.java:471)
	at java.util.stream.FindOps$FindOp.evaluateSequential(FindOps.java:152)
	at java.util.stream.AbstractPipeline.evaluate(AbstractPipeline.java:234)
	at java.util.stream.ReferencePipeline.findFirst(ReferencePipeline.java:464)
	at org.openqa.selenium.remote.ProtocolHandshake.createSession(ProtocolHandshake.java:126)
	at org.openqa.selenium.remote.ProtocolHandshake.createSession(ProtocolHandshake.java:73)
	at org.openqa.selenium.remote.HttpCommandExecutor.execute(HttpCommandExecutor.java:142)
	at org.openqa.selenium.remote.service.DriverCommandExecutor.execute(DriverCommandExecutor.java:83)
	at org.openqa.selenium.remote.RemoteWebDriver.execute(RemoteWebDriver.java:601)
	at org.openqa.selenium.remote.RemoteWebDriver.startSession(RemoteWebDriver.java:219)
	at org.openqa.selenium.remote.RemoteWebDriver.<init>(RemoteWebDriver.java:142)
	at org.openqa.selenium.chrome.ChromeDriver.<init>(ChromeDriver.java:181)
	at org.openqa.selenium.chrome.ChromeDriver.<init>(ChromeDriver.java:168)
	at org.openqa.selenium.chrome.ChromeDriver.<init>(ChromeDriver.java:123)
	at utils.SeleniumDriver.<init>(SeleniumDriver.java:27)
	at utils.SeleniumDriver.setUpDriver(SeleniumDriver.java:47)
	at stepdefs.BeforeActions.setUp(BeforeActions.java:11)
	at sun.reflect.NativeMethodAccessorImpl.invoke0(Native Method)
	at sun.reflect.NativeMethodAccessorImpl.invoke(NativeMethodAccessorImpl.java:62)
	at sun.reflect.DelegatingMethodAccessorImpl.invoke(DelegatingMethodAccessorImpl.java:43)
	at java.lang.reflect.Method.invoke(Method.java:498)
	at cucumber.runtime.Utils$1.call(Utils.java:37)
	at cucumber.runtime.Timeout.timeout(Timeout.java:13)
	at cucumber.runtime.Utils.invoke(Utils.java:31)
	at cucumber.runtime.java.JavaHookDefinition.execute(JavaHookDefinition.java:60)
	at cucumber.runtime.Runtime.runHookIfTagsMatch(Runtime.java:223)
	at cucumber.runtime.Runtime.runHooks(Runtime.java:211)
	at cucumber.runtime.Runtime.runBeforeHooks(Runtime.java:201)
	at cucumber.runtime.model.CucumberScenario.run(CucumberScenario.java:40)
	at cucumber.runtime.model.CucumberFeature.run(CucumberFeature.java:165)
	at cucumber.api.testng.TestNGCucumberRunner.runCucumber(TestNGCucumberRunner.java:63)
	... 28 more
]]>
            </full-stacktrace>
          </exception> <!-- cucumber.runtime.CucumberException -->
          <reporter-output>
          </reporter-output>
        </test-method> <!-- feature -->
        <test-method status="FAIL" signature="feature(cucumber.api.testng.CucumberFeatureWrapper)[pri:0, instance:runner.RunCuke@453da22c]" name="feature" duration-ms="1367" started-at="2020-07-20T15:29:29Z" description="Runs Cucumber Feature" data-provider="features" finished-at="2020-07-20T15:29:30Z">
          <params>
            <param index="0">
              <value>
                <![CDATA[Acceptance testing to validate Used Search cars page is working fine.]]>
              </value>
            </param>
          </params>
          <exception class="cucumber.runtime.CucumberException">
            <message>
              <![CDATA[org.openqa.selenium.SessionNotCreatedException: session not created: This version of ChromeDriver only supports Chrome version 80
Build info: version: '3.8.1', revision: '6e95a6684b', time: '2017-12-01T18:33:54.468Z'
System info: host: 'LAPTOP-4JRKOLU9', ip: '192.168.0.103', os.name: 'Windows 10', os.arch: 'amd64', os.version: '10.0', java.version: '1.8.0_121'
Driver info: driver.version: SeleniumDriver
remote stacktrace: Backtrace:
	Ordinal0 [0x00450C83+1707139]
	Ordinal0 [0x003B68F1+1075441]
	Ordinal0 [0x0032DFC9+516041]
	Ordinal0 [0x002C0554+66900]
	Ordinal0 [0x002BCCE2+52450]
	Ordinal0 [0x002DBFD7+180183]
	Ordinal0 [0x002DBDDD+179677]
	Ordinal0 [0x002D9D4B+171339]
	Ordinal0 [0x002C1D4A+73034]
	Ordinal0 [0x002C2DC0+77248]
	Ordinal0 [0x002C2D59+77145]
	Ordinal0 [0x003CBB67+1162087]
	GetHandleVerifier [0x004EA966+508998]
	GetHandleVerifier [0x004EA6A4+508292]
	GetHandleVerifier [0x004FF7B7+594583]
	GetHandleVerifier [0x004EB1D6+511158]
	Ordinal0 [0x003C402C+1130540]
	Ordinal0 [0x003CD4CB+1168587]
	Ordinal0 [0x003CD633+1168947]
	Ordinal0 [0x003E5B35+1268533]
	BaseThreadInitThunk [0x77356359+25]
	RtlGetAppContainerNamedObjectPath [0x77AC7C24+228]
	RtlGetAppContainerNamedObjectPath [0x77AC7BF4+180]
]]>
            </message>
            <full-stacktrace>
              <![CDATA[cucumber.runtime.CucumberException: org.openqa.selenium.SessionNotCreatedException: session not created: This version of ChromeDriver only supports Chrome version 80
Build info: version: '3.8.1', revision: '6e95a6684b', time: '2017-12-01T18:33:54.468Z'
System info: host: 'LAPTOP-4JRKOLU9', ip: '192.168.0.103', os.name: 'Windows 10', os.arch: 'amd64', os.version: '10.0', java.version: '1.8.0_121'
Driver info: driver.version: SeleniumDriver
remote stacktrace: Backtrace:
	Ordinal0 [0x00450C83+1707139]
	Ordinal0 [0x003B68F1+1075441]
	Ordinal0 [0x0032DFC9+516041]
	Ordinal0 [0x002C0554+66900]
	Ordinal0 [0x002BCCE2+52450]
	Ordinal0 [0x002DBFD7+180183]
	Ordinal0 [0x002DBDDD+179677]
	Ordinal0 [0x002D9D4B+171339]
	Ordinal0 [0x002C1D4A+73034]
	Ordinal0 [0x002C2DC0+77248]
	Ordinal0 [0x002C2D59+77145]
	Ordinal0 [0x003CBB67+1162087]
	GetHandleVerifier [0x004EA966+508998]
	GetHandleVerifier [0x004EA6A4+508292]
	GetHandleVerifier [0x004FF7B7+594583]
	GetHandleVerifier [0x004EB1D6+511158]
	Ordinal0 [0x003C402C+1130540]
	Ordinal0 [0x003CD4CB+1168587]
	Ordinal0 [0x003CD633+1168947]
	Ordinal0 [0x003E5B35+1268533]
	BaseThreadInitThunk [0x77356359+25]
	RtlGetAppContainerNamedObjectPath [0x77AC7C24+228]
	RtlGetAppContainerNamedObjectPath [0x77AC7BF4+180]

	at cucumber.api.testng.TestNGCucumberRunner.runCucumber(TestNGCucumberRunner.java:69)
	at cucumber.api.testng.AbstractTestNGCucumberTests.feature(AbstractTestNGCucumberTests.java:21)
	at sun.reflect.NativeMethodAccessorImpl.invoke0(Native Method)
	at sun.reflect.NativeMethodAccessorImpl.invoke(NativeMethodAccessorImpl.java:62)
	at sun.reflect.DelegatingMethodAccessorImpl.invoke(DelegatingMethodAccessorImpl.java:43)
	at java.lang.reflect.Method.invoke(Method.java:498)
	at org.testng.internal.MethodInvocationHelper.invokeMethod(MethodInvocationHelper.java:86)
	at org.testng.internal.Invoker.invokeMethod(Invoker.java:643)
	at org.testng.internal.Invoker.invokeTestMethod(Invoker.java:820)
	at org.testng.internal.Invoker.invokeTestMethods(Invoker.java:1128)
	at org.testng.internal.TestMethodWorker.invokeTestMethods(TestMethodWorker.java:129)
	at org.testng.internal.TestMethodWorker.run(TestMethodWorker.java:112)
	at org.testng.TestRunner.privateRun(TestRunner.java:782)
	at org.testng.TestRunner.run(TestRunner.java:632)
	at org.testng.SuiteRunner.runTest(SuiteRunner.java:366)
	at org.testng.SuiteRunner.runSequentially(SuiteRunner.java:361)
	at org.testng.SuiteRunner.privateRun(SuiteRunner.java:319)
	at org.testng.SuiteRunner.run(SuiteRunner.java:268)
	at org.testng.SuiteRunnerWorker.runSuite(SuiteRunnerWorker.java:52)
	at org.testng.SuiteRunnerWorker.run(SuiteRunnerWorker.java:86)
	at org.testng.TestNG.runSuitesSequentially(TestNG.java:1244)
	at org.testng.TestNG.runSuitesLocally(TestNG.java:1169)
	at org.testng.TestNG.run(TestNG.java:1064)
	at org.apache.maven.surefire.testng.TestNGExecutor.run(TestNGExecutor.java:295)
	at org.apache.maven.surefire.testng.TestNGXmlTestSuite.execute(TestNGXmlTestSuite.java:84)
	at org.apache.maven.surefire.testng.TestNGProvider.invoke(TestNGProvider.java:90)
	at org.apache.maven.surefire.booter.ForkedBooter.invokeProviderInSameClassLoader(ForkedBooter.java:203)
	at org.apache.maven.surefire.booter.ForkedBooter.runSuitesInProcess(ForkedBooter.java:155)
	at org.apache.maven.surefire.booter.ForkedBooter.main(ForkedBooter.java:103)
Caused by: org.openqa.selenium.SessionNotCreatedException: session not created: This version of ChromeDriver only supports Chrome version 80
Build info: version: '3.8.1', revision: '6e95a6684b', time: '2017-12-01T18:33:54.468Z'
System info: host: 'LAPTOP-4JRKOLU9', ip: '192.168.0.103', os.name: 'Windows 10', os.arch: 'amd64', os.version: '10.0', java.version: '1.8.0_121'
Driver info: driver.version: SeleniumDriver
remote stacktrace: Backtrace:
	Ordinal0 [0x00450C83+1707139]
	Ordinal0 [0x003B68F1+1075441]
	Ordinal0 [0x0032DFC9+516041]
	Ordinal0 [0x002C0554+66900]
	Ordinal0 [0x002BCCE2+52450]
	Ordinal0 [0x002DBFD7+180183]
	Ordinal0 [0x002DBDDD+179677]
	Ordinal0 [0x002D9D4B+171339]
	Ordinal0 [0x002C1D4A+73034]
	Ordinal0 [0x002C2DC0+77248]
	Ordinal0 [0x002C2D59+77145]
	Ordinal0 [0x003CBB67+1162087]
	GetHandleVerifier [0x004EA966+508998]
	GetHandleVerifier [0x004EA6A4+508292]
	GetHandleVerifier [0x004FF7B7+594583]
	GetHandleVerifier [0x004EB1D6+511158]
	Ordinal0 [0x003C402C+1130540]
	Ordinal0 [0x003CD4CB+1168587]
	Ordinal0 [0x003CD633+1168947]
	Ordinal0 [0x003E5B35+1268533]
	BaseThreadInitThunk [0x77356359+25]
	RtlGetAppContainerNamedObjectPath [0x77AC7C24+228]
	RtlGetAppContainerNamedObjectPath [0x77AC7BF4+180]

	at sun.reflect.NativeConstructorAccessorImpl.newInstance0(Native Method)
	at sun.reflect.NativeConstructorAccessorImpl.newInstance(NativeConstructorAccessorImpl.java:62)
	at sun.reflect.DelegatingConstructorAccessorImpl.newInstance(DelegatingConstructorAccessorImpl.java:45)
	at java.lang.reflect.Constructor.newInstance(Constructor.java:423)
	at org.openqa.selenium.remote.W3CHandshakeResponse.lambda$new$0(W3CHandshakeResponse.java:57)
	at org.openqa.selenium.remote.W3CHandshakeResponse.lambda$getResponseFunction$2(W3CHandshakeResponse.java:104)
	at org.openqa.selenium.remote.ProtocolHandshake.lambda$createSession$0(ProtocolHandshake.java:123)
	at java.util.stream.ReferencePipeline$3$1.accept(ReferencePipeline.java:193)
	at java.util.Spliterators$ArraySpliterator.tryAdvance(Spliterators.java:958)
	at java.util.stream.ReferencePipeline.forEachWithCancel(ReferencePipeline.java:126)
	at java.util.stream.AbstractPipeline.copyIntoWithCancel(AbstractPipeline.java:498)
	at java.util.stream.AbstractPipeline.copyInto(AbstractPipeline.java:485)
	at java.util.stream.AbstractPipeline.wrapAndCopyInto(AbstractPipeline.java:471)
	at java.util.stream.FindOps$FindOp.evaluateSequential(FindOps.java:152)
	at java.util.stream.AbstractPipeline.evaluate(AbstractPipeline.java:234)
	at java.util.stream.ReferencePipeline.findFirst(ReferencePipeline.java:464)
	at org.openqa.selenium.remote.ProtocolHandshake.createSession(ProtocolHandshake.java:126)
	at org.openqa.selenium.remote.ProtocolHandshake.createSession(ProtocolHandshake.java:73)
	at org.openqa.selenium.remote.HttpCommandExecutor.execute(HttpCommandExecutor.java:142)
	at org.openqa.selenium.remote.service.DriverCommandExecutor.execute(DriverCommandExecutor.java:83)
	at org.openqa.selenium.remote.RemoteWebDriver.execute(RemoteWebDriver.java:601)
	at org.openqa.selenium.remote.RemoteWebDriver.startSession(RemoteWebDriver.java:219)
	at org.openqa.selenium.remote.RemoteWebDriver.<init>(RemoteWebDriver.java:142)
	at org.openqa.selenium.chrome.ChromeDriver.<init>(ChromeDriver.java:181)
	at org.openqa.selenium.chrome.ChromeDriver.<init>(ChromeDriver.java:168)
	at org.openqa.selenium.chrome.ChromeDriver.<init>(ChromeDriver.java:123)
	at utils.SeleniumDriver.<init>(SeleniumDriver.java:27)
	at utils.SeleniumDriver.setUpDriver(SeleniumDriver.java:47)
	at stepdefs.BeforeActions.setUp(BeforeActions.java:11)
	at sun.reflect.NativeMethodAccessorImpl.invoke0(Native Method)
	at sun.reflect.NativeMethodAccessorImpl.invoke(NativeMethodAccessorImpl.java:62)
	at sun.reflect.DelegatingMethodAccessorImpl.invoke(DelegatingMethodAccessorImpl.java:43)
	at java.lang.reflect.Method.invoke(Method.java:498)
	at cucumber.runtime.Utils$1.call(Utils.java:37)
	at cucumber.runtime.Timeout.timeout(Timeout.java:13)
	at cucumber.runtime.Utils.invoke(Utils.java:31)
	at cucumber.runtime.java.JavaHookDefinition.execute(JavaHookDefinition.java:60)
	at cucumber.runtime.Runtime.runHookIfTagsMatch(Runtime.java:223)
	at cucumber.runtime.Runtime.runHooks(Runtime.java:211)
	at cucumber.runtime.Runtime.runBeforeHooks(Runtime.java:201)
	at cucumber.runtime.model.CucumberScenario.run(CucumberScenario.java:40)
	at cucumber.runtime.model.CucumberFeature.run(CucumberFeature.java:165)
	at cucumber.api.testng.TestNGCucumberRunner.runCucumber(TestNGCucumberRunner.java:63)
	... 28 more
]]>
            </full-stacktrace>
          </exception> <!-- cucumber.runtime.CucumberException -->
          <reporter-output>
          </reporter-output>
        </test-method> <!-- feature -->
        <test-method status="PASS" signature="tearDownClass()[pri:0, instance:runner.RunCuke@453da22c]" name="tearDownClass" is-config="true" duration-ms="150" started-at="2020-07-20T15:29:30Z" finished-at="2020-07-20T15:29:30Z">
          <reporter-output>
          </reporter-output>
        </test-method> <!-- tearDownClass -->
      </class> <!-- runner.RunCuke -->
    </test> <!-- Test -->
  </suite> <!-- Suite -->
</testng-results>
